{"C:\\Users\\derej\\projects\\tenx-challenge-1\\src\\address.ts": {"path":"C:\\Users\\derej\\projects\\tenx-challenge-1\\src\\address.ts","statementMap":{"0":{"start":{"line":40,"column":0},"end":{"line":40,"column":24}},"1":{"start":{"line":15,"column":2},"end":{"line":15,"column":93}},"2":{"start":{"line":19,"column":2},"end":{"line":19,"column":31}},"3":{"start":{"line":19,"column":16},"end":{"line":19,"column":31}},"4":{"start":{"line":20,"column":12},"end":{"line":20,"column":40}},"5":{"start":{"line":21,"column":2},"end":{"line":22,"column":16}},"6":{"start":{"line":22,"column":4},"end":{"line":22,"column":16}},"7":{"start":{"line":23,"column":2},"end":{"line":23,"column":48}},"8":{"start":{"line":23,"column":36},"end":{"line":23,"column":48}},"9":{"start":{"line":24,"column":2},"end":{"line":25,"column":16}},"10":{"start":{"line":25,"column":4},"end":{"line":25,"column":16}},"11":{"start":{"line":26,"column":2},"end":{"line":26,"column":17}},"12":{"start":{"line":29,"column":44},"end":{"line":33,"column":2}},"13":{"start":{"line":41,"column":59},"end":{"line":41,"column":61}},"14":{"start":{"line":43,"column":2},"end":{"line":45,"column":3}},"15":{"start":{"line":44,"column":4},"end":{"line":44,"column":79}},"16":{"start":{"line":48,"column":2},"end":{"line":54,"column":3}},"17":{"start":{"line":49,"column":4},"end":{"line":49,"column":40}},"18":{"start":{"line":50,"column":4},"end":{"line":50,"column":45}},"19":{"start":{"line":51,"column":9},"end":{"line":54,"column":3}},"20":{"start":{"line":52,"column":4},"end":{"line":52,"column":40}},"21":{"start":{"line":53,"column":4},"end":{"line":53,"column":63}},"22":{"start":{"line":57,"column":2},"end":{"line":63,"column":3}},"23":{"start":{"line":58,"column":4},"end":{"line":58,"column":36}},"24":{"start":{"line":59,"column":4},"end":{"line":59,"column":41}},"25":{"start":{"line":60,"column":9},"end":{"line":63,"column":3}},"26":{"start":{"line":61,"column":4},"end":{"line":61,"column":36}},"27":{"start":{"line":62,"column":4},"end":{"line":62,"column":59}},"28":{"start":{"line":66,"column":2},"end":{"line":72,"column":3}},"29":{"start":{"line":70,"column":4},"end":{"line":70,"column":38}},"30":{"start":{"line":71,"column":4},"end":{"line":71,"column":73}},"31":{"start":{"line":75,"column":2},"end":{"line":78,"column":3}},"32":{"start":{"line":76,"column":4},"end":{"line":76,"column":42}},"33":{"start":{"line":77,"column":4},"end":{"line":77,"column":47}},"34":{"start":{"line":81,"column":2},"end":{"line":113,"column":3}},"35":{"start":{"line":82,"column":4},"end":{"line":82,"column":48}},"36":{"start":{"line":83,"column":4},"end":{"line":83,"column":53}},"37":{"start":{"line":84,"column":9},"end":{"line":113,"column":3}},"38":{"start":{"line":85,"column":4},"end":{"line":85,"column":48}},"39":{"start":{"line":86,"column":4},"end":{"line":86,"column":58}},"40":{"start":{"line":88,"column":20},"end":{"line":88,"column":53}},"41":{"start":{"line":89,"column":18},"end":{"line":89,"column":43}},"42":{"start":{"line":91,"column":4},"end":{"line":112,"column":5}},"43":{"start":{"line":92,"column":6},"end":{"line":95,"column":7}},"44":{"start":{"line":93,"column":8},"end":{"line":93,"column":52}},"45":{"start":{"line":94,"column":8},"end":{"line":94,"column":90}},"46":{"start":{"line":96,"column":11},"end":{"line":112,"column":5}},"47":{"start":{"line":97,"column":6},"end":{"line":100,"column":7}},"48":{"start":{"line":98,"column":8},"end":{"line":98,"column":52}},"49":{"start":{"line":99,"column":8},"end":{"line":99,"column":81}},"50":{"start":{"line":101,"column":11},"end":{"line":112,"column":5}},"51":{"start":{"line":102,"column":6},"end":{"line":105,"column":7}},"52":{"start":{"line":103,"column":8},"end":{"line":103,"column":52}},"53":{"start":{"line":104,"column":8},"end":{"line":104,"column":91}},"54":{"start":{"line":108,"column":6},"end":{"line":111,"column":7}},"55":{"start":{"line":109,"column":8},"end":{"line":109,"column":52}},"56":{"start":{"line":110,"column":8},"end":{"line":110,"column":85}},"57":{"start":{"line":115,"column":16},"end":{"line":115,"column":48}},"58":{"start":{"line":116,"column":2},"end":{"line":116,"column":27}}},"fnMap":{"0":{"name":"isEmpty","decl":{"start":{"line":14,"column":9},"end":{"line":14,"column":16}},"loc":{"start":{"line":14,"column":29},"end":{"line":16,"column":1}}},"1":{"name":"normalizeCountry","decl":{"start":{"line":18,"column":9},"end":{"line":18,"column":25}},"loc":{"start":{"line":18,"column":42},"end":{"line":27,"column":1}}},"2":{"name":"validateAddress","decl":{"start":{"line":40,"column":24},"end":{"line":40,"column":39}},"loc":{"start":{"line":40,"column":65},"end":{"line":117,"column":1}}}},"branchMap":{"0":{"loc":{"start":{"line":15,"column":9},"end":{"line":15,"column":92}},"type":"binary-expr","locations":[{"start":{"line":15,"column":9},"end":{"line":15,"column":26}},{"start":{"line":15,"column":30},"end":{"line":15,"column":42}},{"start":{"line":15,"column":47},"end":{"line":15,"column":70}},{"start":{"line":15,"column":74},"end":{"line":15,"column":91}}]},"1":{"loc":{"start":{"line":19,"column":2},"end":{"line":19,"column":31}},"type":"if","locations":[{"start":{"line":19,"column":2},"end":{"line":19,"column":31}}]},"2":{"loc":{"start":{"line":21,"column":2},"end":{"line":22,"column":16}},"type":"if","locations":[{"start":{"line":21,"column":2},"end":{"line":22,"column":16}}]},"3":{"loc":{"start":{"line":21,"column":6},"end":{"line":21,"column":92}},"type":"binary-expr","locations":[{"start":{"line":21,"column":6},"end":{"line":21,"column":16}},{"start":{"line":21,"column":20},"end":{"line":21,"column":31}},{"start":{"line":21,"column":35},"end":{"line":21,"column":56}},{"start":{"line":21,"column":60},"end":{"line":21,"column":92}}]},"4":{"loc":{"start":{"line":23,"column":2},"end":{"line":23,"column":48}},"type":"if","locations":[{"start":{"line":23,"column":2},"end":{"line":23,"column":48}}]},"5":{"loc":{"start":{"line":23,"column":6},"end":{"line":23,"column":34}},"type":"binary-expr","locations":[{"start":{"line":23,"column":6},"end":{"line":23,"column":16}},{"start":{"line":23,"column":20},"end":{"line":23,"column":34}}]},"6":{"loc":{"start":{"line":24,"column":2},"end":{"line":25,"column":16}},"type":"if","locations":[{"start":{"line":24,"column":2},"end":{"line":25,"column":16}}]},"7":{"loc":{"start":{"line":24,"column":6},"end":{"line":24,"column":96}},"type":"binary-expr","locations":[{"start":{"line":24,"column":6},"end":{"line":24,"column":16}},{"start":{"line":24,"column":20},"end":{"line":24,"column":30}},{"start":{"line":24,"column":34},"end":{"line":24,"column":45}},{"start":{"line":24,"column":49},"end":{"line":24,"column":71}},{"start":{"line":24,"column":75},"end":{"line":24,"column":96}}]},"8":{"loc":{"start":{"line":43,"column":2},"end":{"line":45,"column":3}},"type":"if","locations":[{"start":{"line":43,"column":2},"end":{"line":45,"column":3}}]},"9":{"loc":{"start":{"line":43,"column":6},"end":{"line":43,"column":45}},"type":"binary-expr","locations":[{"start":{"line":43,"column":6},"end":{"line":43,"column":14}},{"start":{"line":43,"column":18},"end":{"line":43,"column":45}}]},"10":{"loc":{"start":{"line":48,"column":2},"end":{"line":54,"column":3}},"type":"if","locations":[{"start":{"line":48,"column":2},"end":{"line":54,"column":3}},{"start":{"line":51,"column":9},"end":{"line":54,"column":3}}]},"11":{"loc":{"start":{"line":49,"column":20},"end":{"line":49,"column":39}},"type":"binary-expr","locations":[{"start":{"line":49,"column":20},"end":{"line":49,"column":33}},{"start":{"line":49,"column":37},"end":{"line":49,"column":39}}]},"12":{"loc":{"start":{"line":51,"column":9},"end":{"line":54,"column":3}},"type":"if","locations":[{"start":{"line":51,"column":9},"end":{"line":54,"column":3}}]},"13":{"loc":{"start":{"line":51,"column":13},"end":{"line":51,"column":83}},"type":"binary-expr","locations":[{"start":{"line":51,"column":13},"end":{"line":51,"column":47}},{"start":{"line":51,"column":51},"end":{"line":51,"column":83}}]},"14":{"loc":{"start":{"line":52,"column":20},"end":{"line":52,"column":39}},"type":"binary-expr","locations":[{"start":{"line":52,"column":20},"end":{"line":52,"column":33}},{"start":{"line":52,"column":37},"end":{"line":52,"column":39}}]},"15":{"loc":{"start":{"line":57,"column":2},"end":{"line":63,"column":3}},"type":"if","locations":[{"start":{"line":57,"column":2},"end":{"line":63,"column":3}},{"start":{"line":60,"column":9},"end":{"line":63,"column":3}}]},"16":{"loc":{"start":{"line":58,"column":18},"end":{"line":58,"column":35}},"type":"binary-expr","locations":[{"start":{"line":58,"column":18},"end":{"line":58,"column":29}},{"start":{"line":58,"column":33},"end":{"line":58,"column":35}}]},"17":{"loc":{"start":{"line":60,"column":9},"end":{"line":63,"column":3}},"type":"if","locations":[{"start":{"line":60,"column":9},"end":{"line":63,"column":3}}]},"18":{"loc":{"start":{"line":60,"column":13},"end":{"line":60,"column":79}},"type":"binary-expr","locations":[{"start":{"line":60,"column":13},"end":{"line":60,"column":45}},{"start":{"line":60,"column":49},"end":{"line":60,"column":79}}]},"19":{"loc":{"start":{"line":61,"column":18},"end":{"line":61,"column":35}},"type":"binary-expr","locations":[{"start":{"line":61,"column":18},"end":{"line":61,"column":29}},{"start":{"line":61,"column":33},"end":{"line":61,"column":35}}]},"20":{"loc":{"start":{"line":66,"column":2},"end":{"line":72,"column":3}},"type":"if","locations":[{"start":{"line":66,"column":2},"end":{"line":72,"column":3}}]},"21":{"loc":{"start":{"line":67,"column":4},"end":{"line":68,"column":74}},"type":"binary-expr","locations":[{"start":{"line":67,"column":4},"end":{"line":67,"column":27}},{"start":{"line":68,"column":5},"end":{"line":68,"column":38}},{"start":{"line":68,"column":42},"end":{"line":68,"column":73}}]},"22":{"loc":{"start":{"line":70,"column":19},"end":{"line":70,"column":37}},"type":"binary-expr","locations":[{"start":{"line":70,"column":19},"end":{"line":70,"column":31}},{"start":{"line":70,"column":35},"end":{"line":70,"column":37}}]},"23":{"loc":{"start":{"line":75,"column":2},"end":{"line":78,"column":3}},"type":"if","locations":[{"start":{"line":75,"column":2},"end":{"line":78,"column":3}}]},"24":{"loc":{"start":{"line":76,"column":21},"end":{"line":76,"column":41}},"type":"binary-expr","locations":[{"start":{"line":76,"column":21},"end":{"line":76,"column":35}},{"start":{"line":76,"column":39},"end":{"line":76,"column":41}}]},"25":{"loc":{"start":{"line":81,"column":2},"end":{"line":113,"column":3}},"type":"if","locations":[{"start":{"line":81,"column":2},"end":{"line":113,"column":3}},{"start":{"line":84,"column":9},"end":{"line":113,"column":3}}]},"26":{"loc":{"start":{"line":82,"column":24},"end":{"line":82,"column":47}},"type":"binary-expr","locations":[{"start":{"line":82,"column":24},"end":{"line":82,"column":41}},{"start":{"line":82,"column":45},"end":{"line":82,"column":47}}]},"27":{"loc":{"start":{"line":84,"column":9},"end":{"line":113,"column":3}},"type":"if","locations":[{"start":{"line":84,"column":9},"end":{"line":113,"column":3}},{"start":{"line":87,"column":9},"end":{"line":113,"column":3}}]},"28":{"loc":{"start":{"line":85,"column":24},"end":{"line":85,"column":47}},"type":"binary-expr","locations":[{"start":{"line":85,"column":24},"end":{"line":85,"column":41}},{"start":{"line":85,"column":45},"end":{"line":85,"column":47}}]},"29":{"loc":{"start":{"line":91,"column":4},"end":{"line":112,"column":5}},"type":"if","locations":[{"start":{"line":91,"column":4},"end":{"line":112,"column":5}},{"start":{"line":96,"column":11},"end":{"line":112,"column":5}}]},"30":{"loc":{"start":{"line":92,"column":6},"end":{"line":95,"column":7}},"type":"if","locations":[{"start":{"line":92,"column":6},"end":{"line":95,"column":7}}]},"31":{"loc":{"start":{"line":93,"column":28},"end":{"line":93,"column":51}},"type":"binary-expr","locations":[{"start":{"line":93,"column":28},"end":{"line":93,"column":45}},{"start":{"line":93,"column":49},"end":{"line":93,"column":51}}]},"32":{"loc":{"start":{"line":96,"column":11},"end":{"line":112,"column":5}},"type":"if","locations":[{"start":{"line":96,"column":11},"end":{"line":112,"column":5}},{"start":{"line":101,"column":11},"end":{"line":112,"column":5}}]},"33":{"loc":{"start":{"line":97,"column":6},"end":{"line":100,"column":7}},"type":"if","locations":[{"start":{"line":97,"column":6},"end":{"line":100,"column":7}}]},"34":{"loc":{"start":{"line":98,"column":28},"end":{"line":98,"column":51}},"type":"binary-expr","locations":[{"start":{"line":98,"column":28},"end":{"line":98,"column":45}},{"start":{"line":98,"column":49},"end":{"line":98,"column":51}}]},"35":{"loc":{"start":{"line":101,"column":11},"end":{"line":112,"column":5}},"type":"if","locations":[{"start":{"line":101,"column":11},"end":{"line":112,"column":5}},{"start":{"line":106,"column":11},"end":{"line":112,"column":5}}]},"36":{"loc":{"start":{"line":102,"column":6},"end":{"line":105,"column":7}},"type":"if","locations":[{"start":{"line":102,"column":6},"end":{"line":105,"column":7}}]},"37":{"loc":{"start":{"line":103,"column":28},"end":{"line":103,"column":51}},"type":"binary-expr","locations":[{"start":{"line":103,"column":28},"end":{"line":103,"column":45}},{"start":{"line":103,"column":49},"end":{"line":103,"column":51}}]},"38":{"loc":{"start":{"line":108,"column":6},"end":{"line":111,"column":7}},"type":"if","locations":[{"start":{"line":108,"column":6},"end":{"line":111,"column":7}}]},"39":{"loc":{"start":{"line":108,"column":10},"end":{"line":108,"column":47}},"type":"binary-expr","locations":[{"start":{"line":108,"column":10},"end":{"line":108,"column":26}},{"start":{"line":108,"column":30},"end":{"line":108,"column":47}}]},"40":{"loc":{"start":{"line":109,"column":28},"end":{"line":109,"column":51}},"type":"binary-expr","locations":[{"start":{"line":109,"column":28},"end":{"line":109,"column":45}},{"start":{"line":109,"column":49},"end":{"line":109,"column":51}}]}},"s":{"0":1,"1":30,"2":5,"3":0,"4":5,"5":5,"6":2,"7":3,"8":2,"9":1,"10":1,"11":0,"12":1,"13":6,"14":6,"15":0,"16":6,"17":1,"18":1,"19":5,"20":0,"21":0,"22":6,"23":1,"24":1,"25":5,"26":0,"27":0,"28":6,"29":0,"30":0,"31":6,"32":1,"33":1,"34":6,"35":1,"36":1,"37":5,"38":0,"39":0,"40":5,"41":5,"42":5,"43":2,"44":1,"45":1,"46":3,"47":2,"48":1,"49":1,"50":1,"51":1,"52":0,"53":0,"54":0,"55":0,"56":0,"57":6,"58":6},"f":{"0":30,"1":5,"2":6},"b":{"0":[30,22,22,22],"1":[0],"2":[2],"3":[5,4,4,3],"4":[2],"5":[3,2],"6":[1],"7":[1,0,0,0,0],"8":[0],"9":[6,6],"10":[1,5],"11":[1,1],"12":[0],"13":[5,5],"14":[0,0],"15":[1,5],"16":[1,1],"17":[0],"18":[5,5],"19":[0,0],"20":[0],"21":[6,2,2],"22":[0,0],"23":[1],"24":[1,1],"25":[1,5],"26":[1,1],"27":[0,5],"28":[0,0],"29":[2,3],"30":[1],"31":[1,1],"32":[2,1],"33":[1],"34":[1,1],"35":[1,0],"36":[0],"37":[0,0],"38":[0],"39":[0,0],"40":[0,0]}}
}
