TN:
SF:src\address.ts
FN:14,isEmpty
FN:18,normalizeCountry
FN:40,validateAddress
FNF:3
FNH:3
FNDA:30,isEmpty
FNDA:5,normalizeCountry
FNDA:6,validateAddress
DA:15,30
DA:19,5
DA:20,5
DA:21,5
DA:22,2
DA:23,3
DA:24,1
DA:25,1
DA:26,0
DA:29,1
DA:40,1
DA:41,6
DA:43,6
DA:44,0
DA:48,6
DA:49,1
DA:50,1
DA:51,5
DA:52,0
DA:53,0
DA:57,6
DA:58,1
DA:59,1
DA:60,5
DA:61,0
DA:62,0
DA:66,6
DA:70,0
DA:71,0
DA:75,6
DA:76,1
DA:77,1
DA:81,6
DA:82,1
DA:83,1
DA:84,5
DA:85,0
DA:86,0
DA:88,5
DA:89,5
DA:91,5
DA:92,2
DA:93,1
DA:94,1
DA:96,3
DA:97,2
DA:98,1
DA:99,1
DA:101,1
DA:102,1
DA:103,0
DA:104,0
DA:108,0
DA:109,0
DA:110,0
DA:115,6
DA:116,6
LF:57
LH:42
BRDA:15,0,0,30
BRDA:15,0,1,22
BRDA:15,0,2,22
BRDA:15,0,3,22
BRDA:19,1,0,0
BRDA:21,2,0,2
BRDA:21,3,0,5
BRDA:21,3,1,4
BRDA:21,3,2,4
BRDA:21,3,3,3
BRDA:23,4,0,2
BRDA:23,5,0,3
BRDA:23,5,1,2
BRDA:24,6,0,1
BRDA:24,7,0,1
BRDA:24,7,1,0
BRDA:24,7,2,0
BRDA:24,7,3,0
BRDA:24,7,4,0
BRDA:43,8,0,0
BRDA:43,9,0,6
BRDA:43,9,1,6
BRDA:48,10,0,1
BRDA:48,10,1,5
BRDA:49,11,0,1
BRDA:49,11,1,1
BRDA:51,12,0,0
BRDA:51,13,0,5
BRDA:51,13,1,5
BRDA:52,14,0,0
BRDA:52,14,1,0
BRDA:57,15,0,1
BRDA:57,15,1,5
BRDA:58,16,0,1
BRDA:58,16,1,1
BRDA:60,17,0,0
BRDA:60,18,0,5
BRDA:60,18,1,5
BRDA:61,19,0,0
BRDA:61,19,1,0
BRDA:66,20,0,0
BRDA:67,21,0,6
BRDA:67,21,1,2
BRDA:67,21,2,2
BRDA:70,22,0,0
BRDA:70,22,1,0
BRDA:75,23,0,1
BRDA:76,24,0,1
BRDA:76,24,1,1
BRDA:81,25,0,1
BRDA:81,25,1,5
BRDA:82,26,0,1
BRDA:82,26,1,1
BRDA:84,27,0,0
BRDA:84,27,1,5
BRDA:85,28,0,0
BRDA:85,28,1,0
BRDA:91,29,0,2
BRDA:91,29,1,3
BRDA:92,30,0,1
BRDA:93,31,0,1
BRDA:93,31,1,1
BRDA:96,32,0,2
BRDA:96,32,1,1
BRDA:97,33,0,1
BRDA:98,34,0,1
BRDA:98,34,1,1
BRDA:101,35,0,1
BRDA:101,35,1,0
BRDA:102,36,0,0
BRDA:103,37,0,0
BRDA:103,37,1,0
BRDA:108,38,0,0
BRDA:108,39,0,0
BRDA:108,39,1,0
BRDA:109,40,0,0
BRDA:109,40,1,0
BRF:77
BRH:50
end_of_record
